DEBUG - 2025-07-09 01:51:21 --> Session: Class initialized using 'CodeIgniter\Session\Handlers\FileHandler' driver.
DEBUG - 2025-07-09 01:52:31 --> Session: Class initialized using 'CodeIgniter\Session\Handlers\FileHandler' driver.
DEBUG - 2025-07-09 01:52:33 --> Session: Class initialized using 'CodeIgniter\Session\Handlers\FileHandler' driver.
DEBUG - 2025-07-09 01:53:22 --> Session: Class initialized using 'CodeIgniter\Session\Handlers\FileHandler' driver.
DEBUG - 2025-07-09 01:53:30 --> Session: Class initialized using 'CodeIgniter\Session\Handlers\FileHandler' driver.
DEBUG - 2025-07-09 01:54:36 --> Session: Class initialized using 'CodeIgniter\Session\Handlers\FileHandler' driver.
DEBUG - 2025-07-09 01:54:37 --> Session: Class initialized using 'CodeIgniter\Session\Handlers\FileHandler' driver.
DEBUG - 2025-07-09 02:20:37 --> Session: Class initialized using 'CodeIgniter\Session\Handlers\FileHandler' driver.
DEBUG - 2025-07-09 02:20:51 --> Session: Class initialized using 'CodeIgniter\Session\Handlers\FileHandler' driver.
DEBUG - 2025-07-09 02:21:21 --> Session: Class initialized using 'CodeIgniter\Session\Handlers\FileHandler' driver.
DEBUG - 2025-07-09 02:22:13 --> Session: Class initialized using 'CodeIgniter\Session\Handlers\FileHandler' driver.
DEBUG - 2025-07-09 02:24:06 --> Session: Class initialized using 'CodeIgniter\Session\Handlers\FileHandler' driver.
DEBUG - 2025-07-09 02:25:21 --> Session: Class initialized using 'CodeIgniter\Session\Handlers\FileHandler' driver.
DEBUG - 2025-07-09 02:27:08 --> Session: Class initialized using 'CodeIgniter\Session\Handlers\FileHandler' driver.
DEBUG - 2025-07-09 02:27:20 --> Session: Class initialized using 'CodeIgniter\Session\Handlers\FileHandler' driver.
DEBUG - 2025-07-09 02:32:39 --> Session: Class initialized using 'CodeIgniter\Session\Handlers\FileHandler' driver.
DEBUG - 2025-07-09 02:32:43 --> Session: Class initialized using 'CodeIgniter\Session\Handlers\FileHandler' driver.
DEBUG - 2025-07-09 02:32:45 --> Session: Class initialized using 'CodeIgniter\Session\Handlers\FileHandler' driver.
DEBUG - 2025-07-09 02:32:57 --> Session: Class initialized using 'CodeIgniter\Session\Handlers\FileHandler' driver.
DEBUG - 2025-07-09 02:32:58 --> Session: Class initialized using 'CodeIgniter\Session\Handlers\FileHandler' driver.
DEBUG - 2025-07-09 02:33:40 --> Session: Class initialized using 'CodeIgniter\Session\Handlers\FileHandler' driver.
DEBUG - 2025-07-09 02:33:54 --> Session: Class initialized using 'CodeIgniter\Session\Handlers\FileHandler' driver.
DEBUG - 2025-07-09 02:33:58 --> Session: Class initialized using 'CodeIgniter\Session\Handlers\FileHandler' driver.
DEBUG - 2025-07-09 02:57:45 --> Session: Class initialized using 'CodeIgniter\Session\Handlers\FileHandler' driver.
DEBUG - 2025-07-09 02:57:54 --> Session: Class initialized using 'CodeIgniter\Session\Handlers\FileHandler' driver.
DEBUG - 2025-07-09 02:57:57 --> Session: Class initialized using 'CodeIgniter\Session\Handlers\FileHandler' driver.
DEBUG - 2025-07-09 03:00:29 --> Session: Class initialized using 'CodeIgniter\Session\Handlers\FileHandler' driver.
DEBUG - 2025-07-09 03:09:25 --> Session: Class initialized using 'CodeIgniter\Session\Handlers\FileHandler' driver.
CRITICAL - 2025-07-09 03:10:01 --> CodeIgniter\Database\Exceptions\DataException: There is no data to update.
[Method: POST, Route: jadwal-konsultasi/booking/2]
in SYSTEMPATH\BaseModel.php on line 1014.
 1 SYSTEMPATH\BaseModel.php(1014): CodeIgniter\Database\Exceptions\DataException::forEmptyDataset('update')
 2 SYSTEMPATH\Model.php(863): CodeIgniter\BaseModel->update([...], [])
 3 APPPATH\Controllers\JadwalKonsultasi.php(21): CodeIgniter\Model->update('2', [...])
 4 SYSTEMPATH\CodeIgniter.php(933): App\Controllers\JadwalKonsultasi->booking('2')
 5 SYSTEMPATH\CodeIgniter.php(507): CodeIgniter\CodeIgniter->runController(Object(App\Controllers\JadwalKonsultasi))
 6 SYSTEMPATH\CodeIgniter.php(354): CodeIgniter\CodeIgniter->handleRequest(null, Object(Config\Cache), false)
 7 SYSTEMPATH\Boot.php(334): CodeIgniter\CodeIgniter->run()
 8 SYSTEMPATH\Boot.php(67): CodeIgniter\Boot::runCodeIgniter(Object(CodeIgniter\CodeIgniter))
 9 FCPATH\index.php(59): CodeIgniter\Boot::bootWeb(Object(Config\Paths))
10 SYSTEMPATH\rewrite.php(44): require_once('C:\\xampp\\htdocs\\meditech_app\\public\\index.php')
ERROR - 2025-07-09 03:12:43 --> mysqli_sql_exception: Unknown column 'status' in 'field list' in C:\xampp\htdocs\meditech_app\system\Database\MySQLi\Connection.php:327
Stack trace:
#0 C:\xampp\htdocs\meditech_app\system\Database\MySQLi\Connection.php(327): mysqli->query('UPDATE `jadwal_...', 0)
#1 C:\xampp\htdocs\meditech_app\system\Database\BaseConnection.php(738): CodeIgniter\Database\MySQLi\Connection->execute('UPDATE `jadwal_...')
#2 C:\xampp\htdocs\meditech_app\system\Database\BaseConnection.php(652): CodeIgniter\Database\BaseConnection->simpleQuery('UPDATE `jadwal_...')
#3 C:\xampp\htdocs\meditech_app\system\Database\BaseBuilder.php(2521): CodeIgniter\Database\BaseConnection->query('UPDATE `jadwal_...', Array, false)
#4 C:\xampp\htdocs\meditech_app\system\Model.php(461): CodeIgniter\Database\BaseBuilder->update()
#5 C:\xampp\htdocs\meditech_app\system\BaseModel.php(1031): CodeIgniter\Model->doUpdate(Array, Array)
#6 C:\xampp\htdocs\meditech_app\system\Model.php(863): CodeIgniter\BaseModel->update(Array, Array)
#7 C:\xampp\htdocs\meditech_app\app\Controllers\JadwalKonsultasi.php(22): CodeIgniter\Model->update('2', Array)
#8 C:\xampp\htdocs\meditech_app\system\CodeIgniter.php(933): App\Controllers\JadwalKonsultasi->booking('2')
#9 C:\xampp\htdocs\meditech_app\system\CodeIgniter.php(507): CodeIgniter\CodeIgniter->runController(Object(App\Controllers\JadwalKonsultasi))
#10 C:\xampp\htdocs\meditech_app\system\CodeIgniter.php(354): CodeIgniter\CodeIgniter->handleRequest(NULL, Object(Config\Cache), false)
#11 C:\xampp\htdocs\meditech_app\system\Boot.php(334): CodeIgniter\CodeIgniter->run()
#12 C:\xampp\htdocs\meditech_app\system\Boot.php(67): CodeIgniter\Boot::runCodeIgniter(Object(CodeIgniter\CodeIgniter))
#13 C:\xampp\htdocs\meditech_app\public\index.php(59): CodeIgniter\Boot::bootWeb(Object(Config\Paths))
#14 C:\xampp\htdocs\meditech_app\system\rewrite.php(44): require_once('C:\\xampp\\htdocs...')
#15 {main}
CRITICAL - 2025-07-09 03:12:43 --> CodeIgniter\Database\Exceptions\DatabaseException: Unknown column 'status' in 'field list'
[Method: POST, Route: jadwal-konsultasi/booking/2]
in SYSTEMPATH\Database\BaseConnection.php on line 692.
 1 SYSTEMPATH\Database\BaseBuilder.php(2521): CodeIgniter\Database\BaseConnection->query('UPDATE `jadwal_konsultasi` SET `status` = :status:, `updated_at` = :updated_at:
WHERE `jadwal_konsultasi`.`id` IN :jadwal_konsultasi.id:', [...], false)
 2 SYSTEMPATH\Model.php(461): CodeIgniter\Database\BaseBuilder->update()
 3 SYSTEMPATH\BaseModel.php(1031): CodeIgniter\Model->doUpdate([...], [...])
 4 SYSTEMPATH\Model.php(863): CodeIgniter\BaseModel->update([...], [...])
 5 APPPATH\Controllers\JadwalKonsultasi.php(22): CodeIgniter\Model->update('2', [...])
 6 SYSTEMPATH\CodeIgniter.php(933): App\Controllers\JadwalKonsultasi->booking('2')
 7 SYSTEMPATH\CodeIgniter.php(507): CodeIgniter\CodeIgniter->runController(Object(App\Controllers\JadwalKonsultasi))
 8 SYSTEMPATH\CodeIgniter.php(354): CodeIgniter\CodeIgniter->handleRequest(null, Object(Config\Cache), false)
 9 SYSTEMPATH\Boot.php(334): CodeIgniter\CodeIgniter->run()
10 SYSTEMPATH\Boot.php(67): CodeIgniter\Boot::runCodeIgniter(Object(CodeIgniter\CodeIgniter))
11 FCPATH\index.php(59): CodeIgniter\Boot::bootWeb(Object(Config\Paths))
12 SYSTEMPATH\rewrite.php(44): require_once('C:\\xampp\\htdocs\\meditech_app\\public\\index.php')
CRITICAL - 2025-07-09 03:12:43 --> [Caused by] CodeIgniter\Database\Exceptions\DatabaseException: Unknown column 'status' in 'field list'
in SYSTEMPATH\Database\MySQLi\Connection.php on line 332.
 1 SYSTEMPATH\Database\BaseConnection.php(738): CodeIgniter\Database\MySQLi\Connection->execute('UPDATE `jadwal_konsultasi` SET `status` = \'booked\', `updated_at` = \'2025-07-09 03:12:43\'
WHERE `jadwal_konsultasi`.`id` IN (\'2\')')
 2 SYSTEMPATH\Database\BaseConnection.php(652): CodeIgniter\Database\BaseConnection->simpleQuery('UPDATE `jadwal_konsultasi` SET `status` = \'booked\', `updated_at` = \'2025-07-09 03:12:43\'
WHERE `jadwal_konsultasi`.`id` IN (\'2\')')
 3 SYSTEMPATH\Database\BaseBuilder.php(2521): CodeIgniter\Database\BaseConnection->query('UPDATE `jadwal_konsultasi` SET `status` = :status:, `updated_at` = :updated_at:
WHERE `jadwal_konsultasi`.`id` IN :jadwal_konsultasi.id:', [...], false)
 4 SYSTEMPATH\Model.php(461): CodeIgniter\Database\BaseBuilder->update()
 5 SYSTEMPATH\BaseModel.php(1031): CodeIgniter\Model->doUpdate([...], [...])
 6 SYSTEMPATH\Model.php(863): CodeIgniter\BaseModel->update([...], [...])
 7 APPPATH\Controllers\JadwalKonsultasi.php(22): CodeIgniter\Model->update('2', [...])
 8 SYSTEMPATH\CodeIgniter.php(933): App\Controllers\JadwalKonsultasi->booking('2')
 9 SYSTEMPATH\CodeIgniter.php(507): CodeIgniter\CodeIgniter->runController(Object(App\Controllers\JadwalKonsultasi))
10 SYSTEMPATH\CodeIgniter.php(354): CodeIgniter\CodeIgniter->handleRequest(null, Object(Config\Cache), false)
11 SYSTEMPATH\Boot.php(334): CodeIgniter\CodeIgniter->run()
12 SYSTEMPATH\Boot.php(67): CodeIgniter\Boot::runCodeIgniter(Object(CodeIgniter\CodeIgniter))
13 FCPATH\index.php(59): CodeIgniter\Boot::bootWeb(Object(Config\Paths))
14 SYSTEMPATH\rewrite.php(44): require_once('C:\\xampp\\htdocs\\meditech_app\\public\\index.php')
CRITICAL - 2025-07-09 03:12:43 --> [Caused by] mysqli_sql_exception: Unknown column 'status' in 'field list'
in SYSTEMPATH\Database\MySQLi\Connection.php on line 327.
 1 SYSTEMPATH\Database\MySQLi\Connection.php(327): mysqli->query('UPDATE `jadwal_konsultasi` SET `status` = \'booked\', `updated_at` = \'2025-07-09 03:12:43\'
WHERE `jadwal_konsultasi`.`id` IN (\'2\')', 0)
 2 SYSTEMPATH\Database\BaseConnection.php(738): CodeIgniter\Database\MySQLi\Connection->execute('UPDATE `jadwal_konsultasi` SET `status` = \'booked\', `updated_at` = \'2025-07-09 03:12:43\'
WHERE `jadwal_konsultasi`.`id` IN (\'2\')')
 3 SYSTEMPATH\Database\BaseConnection.php(652): CodeIgniter\Database\BaseConnection->simpleQuery('UPDATE `jadwal_konsultasi` SET `status` = \'booked\', `updated_at` = \'2025-07-09 03:12:43\'
WHERE `jadwal_konsultasi`.`id` IN (\'2\')')
 4 SYSTEMPATH\Database\BaseBuilder.php(2521): CodeIgniter\Database\BaseConnection->query('UPDATE `jadwal_konsultasi` SET `status` = :status:, `updated_at` = :updated_at:
WHERE `jadwal_konsultasi`.`id` IN :jadwal_konsultasi.id:', [...], false)
 5 SYSTEMPATH\Model.php(461): CodeIgniter\Database\BaseBuilder->update()
 6 SYSTEMPATH\BaseModel.php(1031): CodeIgniter\Model->doUpdate([...], [...])
 7 SYSTEMPATH\Model.php(863): CodeIgniter\BaseModel->update([...], [...])
 8 APPPATH\Controllers\JadwalKonsultasi.php(22): CodeIgniter\Model->update('2', [...])
 9 SYSTEMPATH\CodeIgniter.php(933): App\Controllers\JadwalKonsultasi->booking('2')
10 SYSTEMPATH\CodeIgniter.php(507): CodeIgniter\CodeIgniter->runController(Object(App\Controllers\JadwalKonsultasi))
11 SYSTEMPATH\CodeIgniter.php(354): CodeIgniter\CodeIgniter->handleRequest(null, Object(Config\Cache), false)
12 SYSTEMPATH\Boot.php(334): CodeIgniter\CodeIgniter->run()
13 SYSTEMPATH\Boot.php(67): CodeIgniter\Boot::runCodeIgniter(Object(CodeIgniter\CodeIgniter))
14 FCPATH\index.php(59): CodeIgniter\Boot::bootWeb(Object(Config\Paths))
15 SYSTEMPATH\rewrite.php(44): require_once('C:\\xampp\\htdocs\\meditech_app\\public\\index.php')
DEBUG - 2025-07-09 03:12:47 --> Session: Class initialized using 'CodeIgniter\Session\Handlers\FileHandler' driver.
ERROR - 2025-07-09 03:12:51 --> mysqli_sql_exception: Unknown column 'status' in 'field list' in C:\xampp\htdocs\meditech_app\system\Database\MySQLi\Connection.php:327
Stack trace:
#0 C:\xampp\htdocs\meditech_app\system\Database\MySQLi\Connection.php(327): mysqli->query('UPDATE `jadwal_...', 0)
#1 C:\xampp\htdocs\meditech_app\system\Database\BaseConnection.php(738): CodeIgniter\Database\MySQLi\Connection->execute('UPDATE `jadwal_...')
#2 C:\xampp\htdocs\meditech_app\system\Database\BaseConnection.php(652): CodeIgniter\Database\BaseConnection->simpleQuery('UPDATE `jadwal_...')
#3 C:\xampp\htdocs\meditech_app\system\Database\BaseBuilder.php(2521): CodeIgniter\Database\BaseConnection->query('UPDATE `jadwal_...', Array, false)
#4 C:\xampp\htdocs\meditech_app\system\Model.php(461): CodeIgniter\Database\BaseBuilder->update()
#5 C:\xampp\htdocs\meditech_app\system\BaseModel.php(1031): CodeIgniter\Model->doUpdate(Array, Array)
#6 C:\xampp\htdocs\meditech_app\system\Model.php(863): CodeIgniter\BaseModel->update(Array, Array)
#7 C:\xampp\htdocs\meditech_app\app\Controllers\JadwalKonsultasi.php(22): CodeIgniter\Model->update('2', Array)
#8 C:\xampp\htdocs\meditech_app\system\CodeIgniter.php(933): App\Controllers\JadwalKonsultasi->booking('2')
#9 C:\xampp\htdocs\meditech_app\system\CodeIgniter.php(507): CodeIgniter\CodeIgniter->runController(Object(App\Controllers\JadwalKonsultasi))
#10 C:\xampp\htdocs\meditech_app\system\CodeIgniter.php(354): CodeIgniter\CodeIgniter->handleRequest(NULL, Object(Config\Cache), false)
#11 C:\xampp\htdocs\meditech_app\system\Boot.php(334): CodeIgniter\CodeIgniter->run()
#12 C:\xampp\htdocs\meditech_app\system\Boot.php(67): CodeIgniter\Boot::runCodeIgniter(Object(CodeIgniter\CodeIgniter))
#13 C:\xampp\htdocs\meditech_app\public\index.php(59): CodeIgniter\Boot::bootWeb(Object(Config\Paths))
#14 C:\xampp\htdocs\meditech_app\system\rewrite.php(44): require_once('C:\\xampp\\htdocs...')
#15 {main}
CRITICAL - 2025-07-09 03:12:51 --> CodeIgniter\Database\Exceptions\DatabaseException: Unknown column 'status' in 'field list'
[Method: POST, Route: jadwal-konsultasi/booking/2]
in SYSTEMPATH\Database\BaseConnection.php on line 692.
 1 SYSTEMPATH\Database\BaseBuilder.php(2521): CodeIgniter\Database\BaseConnection->query('UPDATE `jadwal_konsultasi` SET `status` = :status:, `updated_at` = :updated_at:
WHERE `jadwal_konsultasi`.`id` IN :jadwal_konsultasi.id:', [...], false)
 2 SYSTEMPATH\Model.php(461): CodeIgniter\Database\BaseBuilder->update()
 3 SYSTEMPATH\BaseModel.php(1031): CodeIgniter\Model->doUpdate([...], [...])
 4 SYSTEMPATH\Model.php(863): CodeIgniter\BaseModel->update([...], [...])
 5 APPPATH\Controllers\JadwalKonsultasi.php(22): CodeIgniter\Model->update('2', [...])
 6 SYSTEMPATH\CodeIgniter.php(933): App\Controllers\JadwalKonsultasi->booking('2')
 7 SYSTEMPATH\CodeIgniter.php(507): CodeIgniter\CodeIgniter->runController(Object(App\Controllers\JadwalKonsultasi))
 8 SYSTEMPATH\CodeIgniter.php(354): CodeIgniter\CodeIgniter->handleRequest(null, Object(Config\Cache), false)
 9 SYSTEMPATH\Boot.php(334): CodeIgniter\CodeIgniter->run()
10 SYSTEMPATH\Boot.php(67): CodeIgniter\Boot::runCodeIgniter(Object(CodeIgniter\CodeIgniter))
11 FCPATH\index.php(59): CodeIgniter\Boot::bootWeb(Object(Config\Paths))
12 SYSTEMPATH\rewrite.php(44): require_once('C:\\xampp\\htdocs\\meditech_app\\public\\index.php')
CRITICAL - 2025-07-09 03:12:51 --> [Caused by] CodeIgniter\Database\Exceptions\DatabaseException: Unknown column 'status' in 'field list'
in SYSTEMPATH\Database\MySQLi\Connection.php on line 332.
 1 SYSTEMPATH\Database\BaseConnection.php(738): CodeIgniter\Database\MySQLi\Connection->execute('UPDATE `jadwal_konsultasi` SET `status` = \'booked\', `updated_at` = \'2025-07-09 03:12:51\'
WHERE `jadwal_konsultasi`.`id` IN (\'2\')')
 2 SYSTEMPATH\Database\BaseConnection.php(652): CodeIgniter\Database\BaseConnection->simpleQuery('UPDATE `jadwal_konsultasi` SET `status` = \'booked\', `updated_at` = \'2025-07-09 03:12:51\'
WHERE `jadwal_konsultasi`.`id` IN (\'2\')')
 3 SYSTEMPATH\Database\BaseBuilder.php(2521): CodeIgniter\Database\BaseConnection->query('UPDATE `jadwal_konsultasi` SET `status` = :status:, `updated_at` = :updated_at:
WHERE `jadwal_konsultasi`.`id` IN :jadwal_konsultasi.id:', [...], false)
 4 SYSTEMPATH\Model.php(461): CodeIgniter\Database\BaseBuilder->update()
 5 SYSTEMPATH\BaseModel.php(1031): CodeIgniter\Model->doUpdate([...], [...])
 6 SYSTEMPATH\Model.php(863): CodeIgniter\BaseModel->update([...], [...])
 7 APPPATH\Controllers\JadwalKonsultasi.php(22): CodeIgniter\Model->update('2', [...])
 8 SYSTEMPATH\CodeIgniter.php(933): App\Controllers\JadwalKonsultasi->booking('2')
 9 SYSTEMPATH\CodeIgniter.php(507): CodeIgniter\CodeIgniter->runController(Object(App\Controllers\JadwalKonsultasi))
10 SYSTEMPATH\CodeIgniter.php(354): CodeIgniter\CodeIgniter->handleRequest(null, Object(Config\Cache), false)
11 SYSTEMPATH\Boot.php(334): CodeIgniter\CodeIgniter->run()
12 SYSTEMPATH\Boot.php(67): CodeIgniter\Boot::runCodeIgniter(Object(CodeIgniter\CodeIgniter))
13 FCPATH\index.php(59): CodeIgniter\Boot::bootWeb(Object(Config\Paths))
14 SYSTEMPATH\rewrite.php(44): require_once('C:\\xampp\\htdocs\\meditech_app\\public\\index.php')
CRITICAL - 2025-07-09 03:12:51 --> [Caused by] mysqli_sql_exception: Unknown column 'status' in 'field list'
in SYSTEMPATH\Database\MySQLi\Connection.php on line 327.
 1 SYSTEMPATH\Database\MySQLi\Connection.php(327): mysqli->query('UPDATE `jadwal_konsultasi` SET `status` = \'booked\', `updated_at` = \'2025-07-09 03:12:51\'
WHERE `jadwal_konsultasi`.`id` IN (\'2\')', 0)
 2 SYSTEMPATH\Database\BaseConnection.php(738): CodeIgniter\Database\MySQLi\Connection->execute('UPDATE `jadwal_konsultasi` SET `status` = \'booked\', `updated_at` = \'2025-07-09 03:12:51\'
WHERE `jadwal_konsultasi`.`id` IN (\'2\')')
 3 SYSTEMPATH\Database\BaseConnection.php(652): CodeIgniter\Database\BaseConnection->simpleQuery('UPDATE `jadwal_konsultasi` SET `status` = \'booked\', `updated_at` = \'2025-07-09 03:12:51\'
WHERE `jadwal_konsultasi`.`id` IN (\'2\')')
 4 SYSTEMPATH\Database\BaseBuilder.php(2521): CodeIgniter\Database\BaseConnection->query('UPDATE `jadwal_konsultasi` SET `status` = :status:, `updated_at` = :updated_at:
WHERE `jadwal_konsultasi`.`id` IN :jadwal_konsultasi.id:', [...], false)
 5 SYSTEMPATH\Model.php(461): CodeIgniter\Database\BaseBuilder->update()
 6 SYSTEMPATH\BaseModel.php(1031): CodeIgniter\Model->doUpdate([...], [...])
 7 SYSTEMPATH\Model.php(863): CodeIgniter\BaseModel->update([...], [...])
 8 APPPATH\Controllers\JadwalKonsultasi.php(22): CodeIgniter\Model->update('2', [...])
 9 SYSTEMPATH\CodeIgniter.php(933): App\Controllers\JadwalKonsultasi->booking('2')
10 SYSTEMPATH\CodeIgniter.php(507): CodeIgniter\CodeIgniter->runController(Object(App\Controllers\JadwalKonsultasi))
11 SYSTEMPATH\CodeIgniter.php(354): CodeIgniter\CodeIgniter->handleRequest(null, Object(Config\Cache), false)
12 SYSTEMPATH\Boot.php(334): CodeIgniter\CodeIgniter->run()
13 SYSTEMPATH\Boot.php(67): CodeIgniter\Boot::runCodeIgniter(Object(CodeIgniter\CodeIgniter))
14 FCPATH\index.php(59): CodeIgniter\Boot::bootWeb(Object(Config\Paths))
15 SYSTEMPATH\rewrite.php(44): require_once('C:\\xampp\\htdocs\\meditech_app\\public\\index.php')
DEBUG - 2025-07-09 03:14:18 --> Session: Class initialized using 'CodeIgniter\Session\Handlers\FileHandler' driver.
DEBUG - 2025-07-09 03:14:23 --> Session: Class initialized using 'CodeIgniter\Session\Handlers\FileHandler' driver.
DEBUG - 2025-07-09 03:14:26 --> Session: Class initialized using 'CodeIgniter\Session\Handlers\FileHandler' driver.
DEBUG - 2025-07-09 03:14:30 --> Session: Class initialized using 'CodeIgniter\Session\Handlers\FileHandler' driver.
DEBUG - 2025-07-09 03:17:09 --> Session: Class initialized using 'CodeIgniter\Session\Handlers\FileHandler' driver.
DEBUG - 2025-07-09 03:17:13 --> Session: Class initialized using 'CodeIgniter\Session\Handlers\FileHandler' driver.
DEBUG - 2025-07-09 03:17:14 --> Session: Class initialized using 'CodeIgniter\Session\Handlers\FileHandler' driver.
DEBUG - 2025-07-09 03:18:31 --> Session: Class initialized using 'CodeIgniter\Session\Handlers\FileHandler' driver.
DEBUG - 2025-07-09 03:18:46 --> Session: Class initialized using 'CodeIgniter\Session\Handlers\FileHandler' driver.
DEBUG - 2025-07-09 03:18:52 --> Session: Class initialized using 'CodeIgniter\Session\Handlers\FileHandler' driver.
DEBUG - 2025-07-09 03:21:15 --> Session: Class initialized using 'CodeIgniter\Session\Handlers\FileHandler' driver.
DEBUG - 2025-07-09 03:21:16 --> Session: Class initialized using 'CodeIgniter\Session\Handlers\FileHandler' driver.
DEBUG - 2025-07-09 03:21:44 --> Session: Class initialized using 'CodeIgniter\Session\Handlers\FileHandler' driver.
DEBUG - 2025-07-09 03:22:44 --> Session: Class initialized using 'CodeIgniter\Session\Handlers\FileHandler' driver.
DEBUG - 2025-07-09 03:22:44 --> Session: Class initialized using 'CodeIgniter\Session\Handlers\FileHandler' driver.
DEBUG - 2025-07-09 03:23:10 --> Session: Class initialized using 'CodeIgniter\Session\Handlers\FileHandler' driver.
DEBUG - 2025-07-09 03:23:10 --> Session: Class initialized using 'CodeIgniter\Session\Handlers\FileHandler' driver.
DEBUG - 2025-07-09 03:29:44 --> Session: Class initialized using 'CodeIgniter\Session\Handlers\FileHandler' driver.
DEBUG - 2025-07-09 03:35:53 --> Session: Class initialized using 'CodeIgniter\Session\Handlers\FileHandler' driver.
DEBUG - 2025-07-09 03:36:00 --> Session: Class initialized using 'CodeIgniter\Session\Handlers\FileHandler' driver.
DEBUG - 2025-07-09 03:39:28 --> Session: Class initialized using 'CodeIgniter\Session\Handlers\FileHandler' driver.
DEBUG - 2025-07-09 03:39:34 --> Session: Class initialized using 'CodeIgniter\Session\Handlers\FileHandler' driver.
DEBUG - 2025-07-09 03:40:01 --> Session: Class initialized using 'CodeIgniter\Session\Handlers\FileHandler' driver.
DEBUG - 2025-07-09 03:40:03 --> Session: Class initialized using 'CodeIgniter\Session\Handlers\FileHandler' driver.
DEBUG - 2025-07-09 03:40:05 --> Session: Class initialized using 'CodeIgniter\Session\Handlers\FileHandler' driver.
DEBUG - 2025-07-09 03:40:30 --> Session: Class initialized using 'CodeIgniter\Session\Handlers\FileHandler' driver.
DEBUG - 2025-07-09 03:42:18 --> Session: Class initialized using 'CodeIgniter\Session\Handlers\FileHandler' driver.
DEBUG - 2025-07-09 03:43:34 --> Session: Class initialized using 'CodeIgniter\Session\Handlers\FileHandler' driver.
DEBUG - 2025-07-09 03:45:00 --> Session: Class initialized using 'CodeIgniter\Session\Handlers\FileHandler' driver.
DEBUG - 2025-07-09 03:45:07 --> Session: Class initialized using 'CodeIgniter\Session\Handlers\FileHandler' driver.
DEBUG - 2025-07-09 03:45:07 --> Session: Class initialized using 'CodeIgniter\Session\Handlers\FileHandler' driver.
DEBUG - 2025-07-09 03:45:22 --> Session: Class initialized using 'CodeIgniter\Session\Handlers\FileHandler' driver.
DEBUG - 2025-07-09 03:45:35 --> Session: Class initialized using 'CodeIgniter\Session\Handlers\FileHandler' driver.
DEBUG - 2025-07-09 03:45:53 --> Session: Class initialized using 'CodeIgniter\Session\Handlers\FileHandler' driver.
DEBUG - 2025-07-09 03:47:15 --> Session: Class initialized using 'CodeIgniter\Session\Handlers\FileHandler' driver.
DEBUG - 2025-07-09 03:47:15 --> Session: Class initialized using 'CodeIgniter\Session\Handlers\FileHandler' driver.
DEBUG - 2025-07-09 03:48:28 --> Session: Class initialized using 'CodeIgniter\Session\Handlers\FileHandler' driver.
DEBUG - 2025-07-09 03:49:02 --> Session: Class initialized using 'CodeIgniter\Session\Handlers\FileHandler' driver.
DEBUG - 2025-07-09 03:49:58 --> Session: Class initialized using 'CodeIgniter\Session\Handlers\FileHandler' driver.
DEBUG - 2025-07-09 03:50:56 --> Session: Class initialized using 'CodeIgniter\Session\Handlers\FileHandler' driver.
DEBUG - 2025-07-09 03:53:19 --> Session: Class initialized using 'CodeIgniter\Session\Handlers\FileHandler' driver.
